{"name": "Оформление заказа по клику на кнопку в середине страницы", "status": "broken", "statusDetails": {"message": "selenium.common.exceptions.TimeoutException: Message: \nStacktrace:\nRemoteError@chrome://remote/content/shared/RemoteError.sys.mjs:8:8\nWebDriverError@chrome://remote/content/shared/webdriver/Errors.sys.mjs:192:5\nNoSuchElementError@chrome://remote/content/shared/webdriver/Errors.sys.mjs:510:5\ndom.find/</<@chrome://remote/content/shared/DOM.sys.mjs:136:16", "trace": "self = <test_order_page.TestOrderPage object at 0x0000021C833DC9D0>, driver = <selenium.webdriver.firefox.webdriver.WebDriver (session=\"7895922b-13d8-4023-8c58-f52af4c058aa\")>\n\n    @allure.title('Оформление заказа по клику на кнопку в середине страницы')\n    @allure.description(\"При вводе валидных данных появляется сообщение об успешном оформлении заказа\")\n    def test_order_from_main(self, driver):\n        main_page = MainPage(driver)\n        order_page = OrderPage(driver)\n        main_page.accept_cookie_button()\n        order_page.click_order_from_main()\n        order_page.fill_user_data()\n>       order_page.select_metro_station(helper.UserData.station_number)\n\ntests\\test_order_page.py:34: \n_ _ _ _ _ _ _ _ _ _ _ _ _ _ _ _ _ _ _ _ _ _ _ _ _ _ _ _ _ _ _ _ _ _ _ _ _ _ _ _ _ _ _ _ _ _ _ _ _ _ _ _ _ _ _ _ _ _ _ _ _ _ _ _ _ _ _ _ _ _ _ _ _ _ _ _ _ _ _ _ _ _ _ _ _ _ _ _ _ _ _ _\npages\\order_page.py:42: in select_metro_station\n    self.scroll_to_element(station_locator)\npages\\base_page.py:24: in scroll_to_element\n    element = self.find_element_with_wait(locator)\npages\\base_page.py:10: in find_element_with_wait\n    WebDriverWait(self.driver, 10).until(expected_conditions.visibility_of_element_located(locator))\n_ _ _ _ _ _ _ _ _ _ _ _ _ _ _ _ _ _ _ _ _ _ _ _ _ _ _ _ _ _ _ _ _ _ _ _ _ _ _ _ _ _ _ _ _ _ _ _ _ _ _ _ _ _ _ _ _ _ _ _ _ _ _ _ _ _ _ _ _ _ _ _ _ _ _ _ _ _ _ _ _ _ _ _ _ _ _ _ _ _ _ _\n\nself = <selenium.webdriver.support.wait.WebDriverWait (session=\"7895922b-13d8-4023-8c58-f52af4c058aa\")>\nmethod = <function visibility_of_element_located.<locals>._predicate at 0x0000021C83327AC0>, message = ''\n\n    def until(self, method: Callable[[D], Union[Literal[False], T]], message: str = \"\") -> T:\n        \"\"\"Calls the method provided with the driver as an argument until the \\\n        return value does not evaluate to ``False``.\n    \n        :param method: callable(WebDriver)\n        :param message: optional message for :exc:`TimeoutException`\n        :returns: the result of the last call to `method`\n        :raises: :exc:`selenium.common.exceptions.TimeoutException` if timeout occurs\n        \"\"\"\n        screen = None\n        stacktrace = None\n    \n        end_time = time.monotonic() + self._timeout\n        while True:\n            try:\n                value = method(self._driver)\n                if value:\n                    return value\n            except self._ignored_exceptions as exc:\n                screen = getattr(exc, \"screen\", None)\n                stacktrace = getattr(exc, \"stacktrace\", None)\n            time.sleep(self._poll)\n            if time.monotonic() > end_time:\n                break\n>       raise TimeoutException(message, screen, stacktrace)\nE       selenium.common.exceptions.TimeoutException: Message: \nE       Stacktrace:\nE       RemoteError@chrome://remote/content/shared/RemoteError.sys.mjs:8:8\nE       WebDriverError@chrome://remote/content/shared/webdriver/Errors.sys.mjs:192:5\nE       NoSuchElementError@chrome://remote/content/shared/webdriver/Errors.sys.mjs:510:5\nE       dom.find/</<@chrome://remote/content/shared/DOM.sys.mjs:136:16\n\n.venv\\lib\\site-packages\\selenium\\webdriver\\support\\wait.py:105: TimeoutException"}, "description": "При вводе валидных данных появляется сообщение об успешном оформлении заказа", "steps": [{"name": "Клик по кнопке подтверждения куки \"Да все привыкли\"", "status": "passed", "start": 1712223554417, "stop": 1712223554672}, {"name": "Клик по кнопке Заказать на главной", "status": "passed", "start": 1712223554672, "stop": 1712223554913}, {"name": "Заполнение данных пользователя", "status": "passed", "start": 1712223554913, "stop": 1712223555081}, {"name": "Выбор станции метро", "status": "broken", "statusDetails": {"message": "selenium.common.exceptions.TimeoutException: Message: \nStacktrace:\nRemoteError@chrome://remote/content/shared/RemoteError.sys.mjs:8:8\nWebDriverError@chrome://remote/content/shared/webdriver/Errors.sys.mjs:192:5\nNoSuchElementError@chrome://remote/content/shared/webdriver/Errors.sys.mjs:510:5\ndom.find/</<@chrome://remote/content/shared/DOM.sys.mjs:136:16\n\n", "trace": "  File \"C:\\Users\\Galina_Kilovataia\\yandex\\sprint6\\.venv\\lib\\site-packages\\allure_commons\\_allure.py\", line 192, in impl\n    return func(*a, **kw)\n  File \"C:\\Users\\Galina_Kilovataia\\yandex\\sprint6\\pages\\order_page.py\", line 42, in select_metro_station\n    self.scroll_to_element(station_locator)\n  File \"C:\\Users\\Galina_Kilovataia\\yandex\\sprint6\\pages\\base_page.py\", line 24, in scroll_to_element\n    element = self.find_element_with_wait(locator)\n  File \"C:\\Users\\Galina_Kilovataia\\yandex\\sprint6\\pages\\base_page.py\", line 10, in find_element_with_wait\n    WebDriverWait(self.driver, 10).until(expected_conditions.visibility_of_element_located(locator))\n  File \"C:\\Users\\Galina_Kilovataia\\yandex\\sprint6\\.venv\\lib\\site-packages\\selenium\\webdriver\\support\\wait.py\", line 105, in until\n    raise TimeoutException(message, screen, stacktrace)\n"}, "parameters": [{"name": "station_number", "value": "90"}], "start": 1712223555081, "stop": 1712223565586}], "start": 1712223554416, "stop": 1712223565588, "uuid": "9d5291ae-ca87-487b-97e7-637bb1e65a3a", "historyId": "7dc95b44059820bfe473ec8f2da47516", "testCaseId": "7dc95b44059820bfe473ec8f2da47516", "fullName": "tests.test_order_page.TestOrderPage#test_order_from_main", "labels": [{"name": "parentSuite", "value": "tests"}, {"name": "suite", "value": "test_order_page"}, {"name": "subSuite", "value": "TestOrderPage"}, {"name": "host", "value": "XPMEPODW0067"}, {"name": "thread", "value": "21740-MainThread"}, {"name": "framework", "value": "pytest"}, {"name": "language", "value": "cpython3"}, {"name": "package", "value": "tests.test_order_page"}]}